2024-05-12 11:10:36.987 [background-preinit] INFO  o.h.validator.internal.util.Version - HV000001: Hibernate Validator 8.0.1.Final
2024-05-12 11:10:37.052 [main] INFO  c.project.shopapp.ShopappApplication - Starting ShopappApplication using Java 20.0.2 with PID 9168 (D:\Code\shopapp\target\classes started by Tan Dat in D:\Code\shopapp)
2024-05-12 11:10:37.054 [main] INFO  c.project.shopapp.ShopappApplication - No active profile set, falling back to 1 default profile: "default"
2024-05-12 11:10:38.395 [main] INFO  o.s.d.r.c.RepositoryConfigurationDelegate - Bootstrapping Spring Data JPA repositories in DEFAULT mode.
2024-05-12 11:10:38.535 [main] INFO  o.s.d.r.c.RepositoryConfigurationDelegate - Finished Spring Data repository scanning in 118 ms. Found 8 JPA repository interfaces.
2024-05-12 11:10:39.471 [main] INFO  o.s.b.w.e.tomcat.TomcatWebServer - Tomcat initialized with port 8088 (http)
2024-05-12 11:10:39.489 [main] INFO  o.a.coyote.http11.Http11NioProtocol - Initializing ProtocolHandler ["http-nio-8088"]
2024-05-12 11:10:39.493 [main] INFO  o.a.catalina.core.StandardService - Starting service [Tomcat]
2024-05-12 11:10:39.493 [main] INFO  o.a.catalina.core.StandardEngine - Starting Servlet engine: [Apache Tomcat/10.1.19]
2024-05-12 11:10:39.574 [main] INFO  o.a.c.c.C.[Tomcat].[localhost].[/] - Initializing Spring embedded WebApplicationContext
2024-05-12 11:10:39.575 [main] INFO  o.s.b.w.s.c.ServletWebServerApplicationContext - Root WebApplicationContext: initialization completed in 2458 ms
2024-05-12 11:10:39.780 [main] INFO  o.h.jpa.internal.util.LogHelper - HHH000204: Processing PersistenceUnitInfo [name: default]
2024-05-12 11:10:39.892 [main] INFO  org.hibernate.Version - HHH000412: Hibernate ORM core version 6.4.4.Final
2024-05-12 11:10:39.971 [main] INFO  o.h.c.i.RegionFactoryInitiator - HHH000026: Second-level cache disabled
2024-05-12 11:10:40.287 [main] INFO  o.s.o.j.p.SpringPersistenceUnitInfo - No LoadTimeWeaver setup: ignoring JPA class transformer
2024-05-12 11:10:40.325 [main] INFO  com.zaxxer.hikari.HikariDataSource - HikariPool-1 - Starting...
2024-05-12 11:10:40.562 [main] INFO  com.zaxxer.hikari.pool.HikariPool - HikariPool-1 - Added connection com.mysql.cj.jdbc.ConnectionImpl@1d1c37d5
2024-05-12 11:10:40.565 [main] INFO  com.zaxxer.hikari.HikariDataSource - HikariPool-1 - Start completed.
2024-05-12 11:10:40.637 [main] WARN  org.hibernate.dialect.Dialect - HHH000511: The 5.5.0 version for [org.hibernate.dialect.MySQLDialect] is no longer supported, hence certain features may not work properly. The minimum supported version is 8.0.0. Check the community dialects project for available legacy versions.
2024-05-12 11:10:41.943 [main] INFO  o.h.e.t.j.p.i.JtaPlatformInitiator - HHH000489: No JTA platform available (set 'hibernate.transaction.jta.platform' to enable JTA platform integration)
2024-05-12 11:10:41.948 [main] INFO  o.s.o.j.LocalContainerEntityManagerFactoryBean - Initialized JPA EntityManagerFactory for persistence unit 'default'
2024-05-12 11:10:42.507 [main] WARN  o.s.b.a.o.j.JpaBaseConfiguration$JpaWebConfiguration - spring.jpa.open-in-view is enabled by default. Therefore, database queries may be performed during view rendering. Explicitly configure spring.jpa.open-in-view to disable this warning
2024-05-12 11:10:42.606 [main] INFO  o.s.d.j.r.query.QueryEnhancerFactory - Hibernate is in classpath; If applicable, HQL parser will be used.
2024-05-12 11:10:44.610 [main] INFO  o.s.s.web.DefaultSecurityFilterChain - Will secure any request with [org.springframework.security.web.session.DisableEncodeUrlFilter@2ca57c02, org.springframework.security.web.context.request.async.WebAsyncManagerIntegrationFilter@3d61b36a, org.springframework.security.web.context.SecurityContextHolderFilter@5e3c8272, org.springframework.security.web.header.HeaderWriterFilter@58914623, org.springframework.web.filter.CorsFilter@38dd3252, org.springframework.security.web.authentication.logout.LogoutFilter@2ef2fa78, com.project.shopapp.filters.JwtTokenFilter@3a720ae3, org.springframework.security.web.savedrequest.RequestCacheAwareFilter@537231c1, org.springframework.security.web.servletapi.SecurityContextHolderAwareRequestFilter@1881289b, org.springframework.security.web.authentication.AnonymousAuthenticationFilter@7da324d0, org.springframework.security.web.access.ExceptionTranslationFilter@15f6f64d, org.springframework.security.web.access.intercept.AuthorizationFilter@61ee1773]
2024-05-12 11:10:45.074 [main] INFO  o.a.coyote.http11.Http11NioProtocol - Starting ProtocolHandler ["http-nio-8088"]
2024-05-12 11:10:45.168 [main] INFO  o.s.b.w.e.tomcat.TomcatWebServer - Tomcat started on port 8088 (http) with context path ''
2024-05-12 11:10:45.181 [main] INFO  c.project.shopapp.ShopappApplication - Started ShopappApplication in 8.732 seconds (process running for 9.694)
2024-05-12 11:10:46.366 [http-nio-8088-exec-2] INFO  o.a.c.c.C.[Tomcat].[localhost].[/] - Initializing Spring DispatcherServlet 'dispatcherServlet'
2024-05-12 11:10:46.366 [http-nio-8088-exec-2] INFO  o.s.web.servlet.DispatcherServlet - Initializing Servlet 'dispatcherServlet'
2024-05-12 11:10:46.368 [http-nio-8088-exec-2] INFO  o.s.web.servlet.DispatcherServlet - Completed initialization in 2 ms
2024-05-12 11:11:03.041 [SpringApplicationShutdownHook] INFO  o.s.o.j.LocalContainerEntityManagerFactoryBean - Closing JPA EntityManagerFactory for persistence unit 'default'
2024-05-12 11:11:03.044 [SpringApplicationShutdownHook] INFO  com.zaxxer.hikari.HikariDataSource - HikariPool-1 - Shutdown initiated...
2024-05-12 11:11:03.057 [SpringApplicationShutdownHook] INFO  com.zaxxer.hikari.HikariDataSource - HikariPool-1 - Shutdown completed.
2024-05-12 11:55:01.063 [background-preinit] INFO  o.h.validator.internal.util.Version - HV000001: Hibernate Validator 8.0.1.Final
2024-05-12 11:55:01.137 [main] INFO  c.project.shopapp.ShopappApplication - Starting ShopappApplication using Java 20.0.2 with PID 10380 (D:\Code\shopapp\target\classes started by Tan Dat in D:\Code\shopapp)
2024-05-12 11:55:01.138 [main] INFO  c.project.shopapp.ShopappApplication - No active profile set, falling back to 1 default profile: "default"
2024-05-12 11:55:03.086 [main] INFO  o.s.d.r.c.RepositoryConfigurationDelegate - Bootstrapping Spring Data JPA repositories in DEFAULT mode.
2024-05-12 11:55:03.295 [main] INFO  o.s.d.r.c.RepositoryConfigurationDelegate - Finished Spring Data repository scanning in 190 ms. Found 8 JPA repository interfaces.
2024-05-12 11:55:04.745 [main] INFO  o.s.b.w.e.tomcat.TomcatWebServer - Tomcat initialized with port 8088 (http)
2024-05-12 11:55:04.780 [main] INFO  o.a.coyote.http11.Http11NioProtocol - Initializing ProtocolHandler ["http-nio-8088"]
2024-05-12 11:55:04.785 [main] INFO  o.a.catalina.core.StandardService - Starting service [Tomcat]
2024-05-12 11:55:04.788 [main] INFO  o.a.catalina.core.StandardEngine - Starting Servlet engine: [Apache Tomcat/10.1.19]
2024-05-12 11:55:04.929 [main] INFO  o.a.c.c.C.[Tomcat].[localhost].[/] - Initializing Spring embedded WebApplicationContext
2024-05-12 11:55:04.931 [main] INFO  o.s.b.w.s.c.ServletWebServerApplicationContext - Root WebApplicationContext: initialization completed in 3728 ms
2024-05-12 11:55:05.157 [main] INFO  o.h.jpa.internal.util.LogHelper - HHH000204: Processing PersistenceUnitInfo [name: default]
2024-05-12 11:55:05.270 [main] INFO  org.hibernate.Version - HHH000412: Hibernate ORM core version 6.4.4.Final
2024-05-12 11:55:05.343 [main] INFO  o.h.c.i.RegionFactoryInitiator - HHH000026: Second-level cache disabled
2024-05-12 11:55:05.700 [main] INFO  o.s.o.j.p.SpringPersistenceUnitInfo - No LoadTimeWeaver setup: ignoring JPA class transformer
2024-05-12 11:55:06.246 [main] INFO  com.zaxxer.hikari.HikariDataSource - HikariPool-1 - Starting...
2024-05-12 11:55:08.545 [main] INFO  com.zaxxer.hikari.pool.HikariPool - HikariPool-1 - Added connection com.mysql.cj.jdbc.ConnectionImpl@2c678c7b
2024-05-12 11:55:08.547 [main] INFO  com.zaxxer.hikari.HikariDataSource - HikariPool-1 - Start completed.
2024-05-12 11:55:08.616 [main] WARN  org.hibernate.dialect.Dialect - HHH000511: The 5.5.0 version for [org.hibernate.dialect.MySQLDialect] is no longer supported, hence certain features may not work properly. The minimum supported version is 8.0.0. Check the community dialects project for available legacy versions.
2024-05-12 11:55:10.045 [main] INFO  o.h.e.t.j.p.i.JtaPlatformInitiator - HHH000489: No JTA platform available (set 'hibernate.transaction.jta.platform' to enable JTA platform integration)
2024-05-12 11:55:10.048 [main] INFO  o.s.o.j.LocalContainerEntityManagerFactoryBean - Initialized JPA EntityManagerFactory for persistence unit 'default'
2024-05-12 11:55:10.609 [main] WARN  o.s.b.a.o.j.JpaBaseConfiguration$JpaWebConfiguration - spring.jpa.open-in-view is enabled by default. Therefore, database queries may be performed during view rendering. Explicitly configure spring.jpa.open-in-view to disable this warning
2024-05-12 11:55:10.716 [main] INFO  o.s.d.j.r.query.QueryEnhancerFactory - Hibernate is in classpath; If applicable, HQL parser will be used.
2024-05-12 11:55:13.341 [main] INFO  o.s.s.web.DefaultSecurityFilterChain - Will secure any request with [org.springframework.security.web.session.DisableEncodeUrlFilter@58a887fb, org.springframework.security.web.context.request.async.WebAsyncManagerIntegrationFilter@61ee1773, org.springframework.security.web.context.SecurityContextHolderFilter@f93030a, org.springframework.security.web.header.HeaderWriterFilter@29dfc14a, org.springframework.web.filter.CorsFilter@268467ab, org.springframework.security.web.authentication.logout.LogoutFilter@455e8356, com.project.shopapp.filters.JwtTokenFilter@6bbac73d, org.springframework.security.web.savedrequest.RequestCacheAwareFilter@6b4684b4, org.springframework.security.web.servletapi.SecurityContextHolderAwareRequestFilter@4920430f, org.springframework.security.web.authentication.AnonymousAuthenticationFilter@30aeb2b3, org.springframework.security.web.access.ExceptionTranslationFilter@40052266, org.springframework.security.web.access.intercept.AuthorizationFilter@5c9cbc69]
2024-05-12 11:55:13.648 [main] INFO  o.a.coyote.http11.Http11NioProtocol - Starting ProtocolHandler ["http-nio-8088"]
2024-05-12 11:55:13.678 [main] INFO  o.s.b.w.e.tomcat.TomcatWebServer - Tomcat started on port 8088 (http) with context path ''
2024-05-12 11:55:13.688 [main] INFO  c.project.shopapp.ShopappApplication - Started ShopappApplication in 13.197 seconds (process running for 14.503)
2024-05-12 11:56:00.852 [http-nio-8088-exec-2] INFO  o.a.c.c.C.[Tomcat].[localhost].[/] - Initializing Spring DispatcherServlet 'dispatcherServlet'
2024-05-12 11:56:00.852 [http-nio-8088-exec-2] INFO  o.s.web.servlet.DispatcherServlet - Initializing Servlet 'dispatcherServlet'
2024-05-12 11:56:00.853 [http-nio-8088-exec-2] INFO  o.s.web.servlet.DispatcherServlet - Completed initialization in 1 ms
2024-05-12 11:56:45.301 [SpringApplicationShutdownHook] INFO  o.s.o.j.LocalContainerEntityManagerFactoryBean - Closing JPA EntityManagerFactory for persistence unit 'default'
2024-05-12 11:56:45.303 [SpringApplicationShutdownHook] INFO  com.zaxxer.hikari.HikariDataSource - HikariPool-1 - Shutdown initiated...
2024-05-12 11:56:45.314 [SpringApplicationShutdownHook] INFO  com.zaxxer.hikari.HikariDataSource - HikariPool-1 - Shutdown completed.
2024-05-12 11:57:12.334 [background-preinit] INFO  o.h.validator.internal.util.Version - HV000001: Hibernate Validator 8.0.1.Final
2024-05-12 11:57:12.383 [main] INFO  c.project.shopapp.ShopappApplication - Starting ShopappApplication using Java 20.0.2 with PID 9520 (D:\Code\shopapp\target\classes started by Tan Dat in D:\Code\shopapp)
2024-05-12 11:57:12.385 [main] INFO  c.project.shopapp.ShopappApplication - No active profile set, falling back to 1 default profile: "default"
2024-05-12 11:57:13.308 [main] INFO  o.s.d.r.c.RepositoryConfigurationDelegate - Bootstrapping Spring Data JPA repositories in DEFAULT mode.
2024-05-12 11:57:13.386 [main] INFO  o.s.d.r.c.RepositoryConfigurationDelegate - Finished Spring Data repository scanning in 66 ms. Found 8 JPA repository interfaces.
2024-05-12 11:57:14.115 [main] INFO  o.s.b.w.e.tomcat.TomcatWebServer - Tomcat initialized with port 8088 (http)
2024-05-12 11:57:14.209 [main] INFO  o.s.b.w.s.c.ServletWebServerApplicationContext - Root WebApplicationContext: initialization completed in 1765 ms
2024-05-12 11:57:14.396 [main] INFO  o.h.jpa.internal.util.LogHelper - HHH000204: Processing PersistenceUnitInfo [name: default]
2024-05-12 11:57:14.499 [main] INFO  org.hibernate.Version - HHH000412: Hibernate ORM core version 6.4.4.Final
2024-05-12 11:57:14.566 [main] INFO  o.h.c.i.RegionFactoryInitiator - HHH000026: Second-level cache disabled
2024-05-12 11:57:14.869 [main] INFO  o.s.o.j.p.SpringPersistenceUnitInfo - No LoadTimeWeaver setup: ignoring JPA class transformer
2024-05-12 11:57:14.905 [main] INFO  com.zaxxer.hikari.HikariDataSource - HikariPool-1 - Starting...
2024-05-12 11:57:15.067 [main] INFO  com.zaxxer.hikari.pool.HikariPool - HikariPool-1 - Added connection com.mysql.cj.jdbc.ConnectionImpl@51132514
2024-05-12 11:57:15.068 [main] INFO  com.zaxxer.hikari.HikariDataSource - HikariPool-1 - Start completed.
2024-05-12 11:57:15.126 [main] WARN  org.hibernate.dialect.Dialect - HHH000511: The 5.5.0 version for [org.hibernate.dialect.MySQLDialect] is no longer supported, hence certain features may not work properly. The minimum supported version is 8.0.0. Check the community dialects project for available legacy versions.
2024-05-12 11:57:18.591 [background-preinit] INFO  o.h.validator.internal.util.Version - HV000001: Hibernate Validator 8.0.1.Final
2024-05-12 11:57:18.655 [main] INFO  c.project.shopapp.ShopappApplication - Starting ShopappApplication using Java 20.0.2 with PID 16484 (D:\Code\shopapp\target\classes started by Tan Dat in D:\Code\shopapp)
2024-05-12 11:57:18.656 [main] INFO  c.project.shopapp.ShopappApplication - No active profile set, falling back to 1 default profile: "default"
2024-05-12 11:57:19.608 [main] INFO  o.s.d.r.c.RepositoryConfigurationDelegate - Bootstrapping Spring Data JPA repositories in DEFAULT mode.
2024-05-12 11:57:19.684 [main] INFO  o.s.d.r.c.RepositoryConfigurationDelegate - Finished Spring Data repository scanning in 67 ms. Found 8 JPA repository interfaces.
2024-05-12 11:57:20.684 [main] INFO  o.s.b.w.e.tomcat.TomcatWebServer - Tomcat initialized with port 8088 (http)
2024-05-12 11:57:20.700 [main] INFO  o.a.coyote.http11.Http11NioProtocol - Initializing ProtocolHandler ["http-nio-8088"]
2024-05-12 11:57:20.705 [main] INFO  o.a.catalina.core.StandardService - Starting service [Tomcat]
2024-05-12 11:57:20.706 [main] INFO  o.a.catalina.core.StandardEngine - Starting Servlet engine: [Apache Tomcat/10.1.19]
2024-05-12 11:57:20.831 [main] INFO  o.a.c.c.C.[Tomcat].[localhost].[/] - Initializing Spring embedded WebApplicationContext
2024-05-12 11:57:20.832 [main] INFO  o.s.b.w.s.c.ServletWebServerApplicationContext - Root WebApplicationContext: initialization completed in 2115 ms
2024-05-12 11:57:21.058 [main] INFO  o.h.jpa.internal.util.LogHelper - HHH000204: Processing PersistenceUnitInfo [name: default]
2024-05-12 11:57:21.154 [main] INFO  org.hibernate.Version - HHH000412: Hibernate ORM core version 6.4.4.Final
2024-05-12 11:57:21.189 [main] INFO  o.h.c.i.RegionFactoryInitiator - HHH000026: Second-level cache disabled
2024-05-12 11:57:21.467 [main] INFO  o.s.o.j.p.SpringPersistenceUnitInfo - No LoadTimeWeaver setup: ignoring JPA class transformer
2024-05-12 11:57:21.506 [main] INFO  com.zaxxer.hikari.HikariDataSource - HikariPool-1 - Starting...
2024-05-12 11:57:21.745 [main] INFO  com.zaxxer.hikari.pool.HikariPool - HikariPool-1 - Added connection com.mysql.cj.jdbc.ConnectionImpl@596afb2f
2024-05-12 11:57:21.748 [main] INFO  com.zaxxer.hikari.HikariDataSource - HikariPool-1 - Start completed.
2024-05-12 11:57:21.809 [main] WARN  org.hibernate.dialect.Dialect - HHH000511: The 5.5.0 version for [org.hibernate.dialect.MySQLDialect] is no longer supported, hence certain features may not work properly. The minimum supported version is 8.0.0. Check the community dialects project for available legacy versions.
2024-05-12 11:57:23.212 [main] INFO  o.h.e.t.j.p.i.JtaPlatformInitiator - HHH000489: No JTA platform available (set 'hibernate.transaction.jta.platform' to enable JTA platform integration)
2024-05-12 11:57:23.216 [main] INFO  o.s.o.j.LocalContainerEntityManagerFactoryBean - Initialized JPA EntityManagerFactory for persistence unit 'default'
2024-05-12 11:57:23.742 [main] WARN  o.s.b.a.o.j.JpaBaseConfiguration$JpaWebConfiguration - spring.jpa.open-in-view is enabled by default. Therefore, database queries may be performed during view rendering. Explicitly configure spring.jpa.open-in-view to disable this warning
2024-05-12 11:57:23.855 [main] INFO  o.s.d.j.r.query.QueryEnhancerFactory - Hibernate is in classpath; If applicable, HQL parser will be used.
2024-05-12 11:57:24.967 [main] INFO  o.s.s.web.DefaultSecurityFilterChain - Will secure any request with [org.springframework.security.web.session.DisableEncodeUrlFilter@2432c72c, org.springframework.security.web.context.request.async.WebAsyncManagerIntegrationFilter@300788d6, org.springframework.security.web.context.SecurityContextHolderFilter@5e3c3c3d, org.springframework.security.web.header.HeaderWriterFilter@2f0166d7, org.springframework.web.filter.CorsFilter@710959b3, org.springframework.security.web.authentication.logout.LogoutFilter@f5eff92, com.project.shopapp.filters.JwtTokenFilter@93c66ef, org.springframework.security.web.savedrequest.RequestCacheAwareFilter@20c048cc, org.springframework.security.web.servletapi.SecurityContextHolderAwareRequestFilter@68400aa5, org.springframework.security.web.authentication.AnonymousAuthenticationFilter@2121d0ed, org.springframework.security.web.access.ExceptionTranslationFilter@4fa7df5c, org.springframework.security.web.access.intercept.AuthorizationFilter@3e755a96]
2024-05-12 11:57:25.210 [main] INFO  o.a.coyote.http11.Http11NioProtocol - Starting ProtocolHandler ["http-nio-8088"]
2024-05-12 11:57:25.235 [main] INFO  o.s.b.w.e.tomcat.TomcatWebServer - Tomcat started on port 8088 (http) with context path ''
2024-05-12 11:57:25.243 [main] INFO  c.project.shopapp.ShopappApplication - Started ShopappApplication in 7.121 seconds (process running for 8.061)
2024-05-12 11:57:36.835 [http-nio-8088-exec-2] INFO  o.a.c.c.C.[Tomcat].[localhost].[/] - Initializing Spring DispatcherServlet 'dispatcherServlet'
2024-05-12 11:57:36.835 [http-nio-8088-exec-2] INFO  o.s.web.servlet.DispatcherServlet - Initializing Servlet 'dispatcherServlet'
2024-05-12 11:57:36.838 [http-nio-8088-exec-2] INFO  o.s.web.servlet.DispatcherServlet - Completed initialization in 1 ms
2024-05-12 11:57:50.472 [SpringApplicationShutdownHook] INFO  o.s.o.j.LocalContainerEntityManagerFactoryBean - Closing JPA EntityManagerFactory for persistence unit 'default'
2024-05-12 11:57:50.485 [SpringApplicationShutdownHook] INFO  com.zaxxer.hikari.HikariDataSource - HikariPool-1 - Shutdown initiated...
2024-05-12 11:57:50.577 [SpringApplicationShutdownHook] INFO  com.zaxxer.hikari.HikariDataSource - HikariPool-1 - Shutdown completed.
2024-05-12 11:57:53.743 [background-preinit] INFO  o.h.validator.internal.util.Version - HV000001: Hibernate Validator 8.0.1.Final
2024-05-12 11:57:53.824 [main] INFO  c.project.shopapp.ShopappApplication - Starting ShopappApplication using Java 20.0.2 with PID 11404 (D:\Code\shopapp\target\classes started by Tan Dat in D:\Code\shopapp)
2024-05-12 11:57:53.826 [main] INFO  c.project.shopapp.ShopappApplication - No active profile set, falling back to 1 default profile: "default"
2024-05-12 11:57:55.125 [main] INFO  o.s.d.r.c.RepositoryConfigurationDelegate - Bootstrapping Spring Data JPA repositories in DEFAULT mode.
2024-05-12 11:57:55.212 [main] INFO  o.s.d.r.c.RepositoryConfigurationDelegate - Finished Spring Data repository scanning in 76 ms. Found 8 JPA repository interfaces.
2024-05-12 11:57:56.097 [main] INFO  o.s.b.w.e.tomcat.TomcatWebServer - Tomcat initialized with port 8088 (http)
2024-05-12 11:57:56.114 [main] INFO  o.a.coyote.http11.Http11NioProtocol - Initializing ProtocolHandler ["http-nio-8088"]
2024-05-12 11:57:56.118 [main] INFO  o.a.catalina.core.StandardService - Starting service [Tomcat]
2024-05-12 11:57:56.119 [main] INFO  o.a.catalina.core.StandardEngine - Starting Servlet engine: [Apache Tomcat/10.1.19]
2024-05-12 11:57:56.217 [main] INFO  o.a.c.c.C.[Tomcat].[localhost].[/] - Initializing Spring embedded WebApplicationContext
2024-05-12 11:57:56.218 [main] INFO  o.s.b.w.s.c.ServletWebServerApplicationContext - Root WebApplicationContext: initialization completed in 2317 ms
2024-05-12 11:57:56.477 [main] INFO  o.h.jpa.internal.util.LogHelper - HHH000204: Processing PersistenceUnitInfo [name: default]
2024-05-12 11:57:56.571 [main] INFO  org.hibernate.Version - HHH000412: Hibernate ORM core version 6.4.4.Final
2024-05-12 11:57:56.622 [main] INFO  o.h.c.i.RegionFactoryInitiator - HHH000026: Second-level cache disabled
2024-05-12 11:57:56.957 [main] INFO  o.s.o.j.p.SpringPersistenceUnitInfo - No LoadTimeWeaver setup: ignoring JPA class transformer
2024-05-12 11:57:56.991 [main] INFO  com.zaxxer.hikari.HikariDataSource - HikariPool-1 - Starting...
2024-05-12 11:57:57.188 [main] INFO  com.zaxxer.hikari.pool.HikariPool - HikariPool-1 - Added connection com.mysql.cj.jdbc.ConnectionImpl@7a1ddbf1
2024-05-12 11:57:57.190 [main] INFO  com.zaxxer.hikari.HikariDataSource - HikariPool-1 - Start completed.
2024-05-12 11:57:57.260 [main] WARN  org.hibernate.dialect.Dialect - HHH000511: The 5.5.0 version for [org.hibernate.dialect.MySQLDialect] is no longer supported, hence certain features may not work properly. The minimum supported version is 8.0.0. Check the community dialects project for available legacy versions.
2024-05-12 11:57:58.589 [main] INFO  o.h.e.t.j.p.i.JtaPlatformInitiator - HHH000489: No JTA platform available (set 'hibernate.transaction.jta.platform' to enable JTA platform integration)
2024-05-12 11:57:58.593 [main] INFO  o.s.o.j.LocalContainerEntityManagerFactoryBean - Initialized JPA EntityManagerFactory for persistence unit 'default'
2024-05-12 11:57:59.068 [main] WARN  o.s.b.a.o.j.JpaBaseConfiguration$JpaWebConfiguration - spring.jpa.open-in-view is enabled by default. Therefore, database queries may be performed during view rendering. Explicitly configure spring.jpa.open-in-view to disable this warning
2024-05-12 11:57:59.171 [main] INFO  o.s.d.j.r.query.QueryEnhancerFactory - Hibernate is in classpath; If applicable, HQL parser will be used.
2024-05-12 11:58:00.255 [main] INFO  o.s.s.web.DefaultSecurityFilterChain - Will secure any request with [org.springframework.security.web.session.DisableEncodeUrlFilter@3b418ca2, org.springframework.security.web.context.request.async.WebAsyncManagerIntegrationFilter@2e608993, org.springframework.security.web.context.SecurityContextHolderFilter@6a151f1a, org.springframework.security.web.header.HeaderWriterFilter@1500416c, org.springframework.web.filter.CorsFilter@1675adad, org.springframework.security.web.authentication.logout.LogoutFilter@69ebb009, com.project.shopapp.filters.JwtTokenFilter@3531509c, org.springframework.security.web.savedrequest.RequestCacheAwareFilter@75600bdb, org.springframework.security.web.servletapi.SecurityContextHolderAwareRequestFilter@7bf56370, org.springframework.security.web.authentication.AnonymousAuthenticationFilter@384d40a5, org.springframework.security.web.access.ExceptionTranslationFilter@1cdb3ccd, org.springframework.security.web.access.intercept.AuthorizationFilter@2f474e6f]
2024-05-12 11:58:00.578 [main] INFO  o.a.coyote.http11.Http11NioProtocol - Starting ProtocolHandler ["http-nio-8088"]
2024-05-12 11:58:00.612 [main] INFO  o.s.b.w.e.tomcat.TomcatWebServer - Tomcat started on port 8088 (http) with context path ''
2024-05-12 11:58:00.625 [main] INFO  c.project.shopapp.ShopappApplication - Started ShopappApplication in 7.29 seconds (process running for 8.095)
2024-05-12 11:58:11.731 [SpringApplicationShutdownHook] INFO  o.s.o.j.LocalContainerEntityManagerFactoryBean - Closing JPA EntityManagerFactory for persistence unit 'default'
2024-05-12 11:58:11.733 [SpringApplicationShutdownHook] INFO  com.zaxxer.hikari.HikariDataSource - HikariPool-1 - Shutdown initiated...
2024-05-12 11:58:11.746 [SpringApplicationShutdownHook] INFO  com.zaxxer.hikari.HikariDataSource - HikariPool-1 - Shutdown completed.
2024-05-12 11:58:15.709 [background-preinit] INFO  o.h.validator.internal.util.Version - HV000001: Hibernate Validator 8.0.1.Final
2024-05-12 11:58:15.767 [main] INFO  c.project.shopapp.ShopappApplication - Starting ShopappApplication using Java 20.0.2 with PID 23688 (D:\Code\shopapp\target\classes started by Tan Dat in D:\Code\shopapp)
2024-05-12 11:58:15.768 [main] INFO  c.project.shopapp.ShopappApplication - No active profile set, falling back to 1 default profile: "default"
2024-05-12 11:58:17.013 [main] INFO  o.s.d.r.c.RepositoryConfigurationDelegate - Bootstrapping Spring Data JPA repositories in DEFAULT mode.
2024-05-12 11:58:17.222 [main] INFO  o.s.d.r.c.RepositoryConfigurationDelegate - Finished Spring Data repository scanning in 188 ms. Found 8 JPA repository interfaces.
2024-05-12 11:58:19.033 [main] INFO  o.s.b.w.e.tomcat.TomcatWebServer - Tomcat initialized with port 8088 (http)
2024-05-12 11:58:19.051 [main] INFO  o.a.coyote.http11.Http11NioProtocol - Initializing ProtocolHandler ["http-nio-8088"]
2024-05-12 11:58:19.083 [main] INFO  o.a.catalina.core.StandardService - Starting service [Tomcat]
2024-05-12 11:58:19.083 [main] INFO  o.a.catalina.core.StandardEngine - Starting Servlet engine: [Apache Tomcat/10.1.19]
2024-05-12 11:58:19.202 [main] INFO  o.a.c.c.C.[Tomcat].[localhost].[/] - Initializing Spring embedded WebApplicationContext
2024-05-12 11:58:19.204 [main] INFO  o.s.b.w.s.c.ServletWebServerApplicationContext - Root WebApplicationContext: initialization completed in 3377 ms
2024-05-12 11:58:19.489 [main] INFO  o.h.jpa.internal.util.LogHelper - HHH000204: Processing PersistenceUnitInfo [name: default]
2024-05-12 11:58:19.678 [main] INFO  org.hibernate.Version - HHH000412: Hibernate ORM core version 6.4.4.Final
2024-05-12 11:58:19.761 [main] INFO  o.h.c.i.RegionFactoryInitiator - HHH000026: Second-level cache disabled
2024-05-12 11:58:20.384 [main] INFO  o.s.o.j.p.SpringPersistenceUnitInfo - No LoadTimeWeaver setup: ignoring JPA class transformer
2024-05-12 11:58:20.785 [main] INFO  com.zaxxer.hikari.HikariDataSource - HikariPool-1 - Starting...
2024-05-12 11:58:21.392 [main] INFO  com.zaxxer.hikari.pool.HikariPool - HikariPool-1 - Added connection com.mysql.cj.jdbc.ConnectionImpl@596afb2f
2024-05-12 11:58:21.396 [main] INFO  com.zaxxer.hikari.HikariDataSource - HikariPool-1 - Start completed.
2024-05-12 11:58:21.503 [main] WARN  org.hibernate.dialect.Dialect - HHH000511: The 5.5.0 version for [org.hibernate.dialect.MySQLDialect] is no longer supported, hence certain features may not work properly. The minimum supported version is 8.0.0. Check the community dialects project for available legacy versions.
2024-05-12 11:58:22.878 [background-preinit] INFO  o.h.validator.internal.util.Version - HV000001: Hibernate Validator 8.0.1.Final
2024-05-12 11:58:22.933 [main] INFO  c.project.shopapp.ShopappApplication - Starting ShopappApplication using Java 20.0.2 with PID 9424 (D:\Code\shopapp\target\classes started by Tan Dat in D:\Code\shopapp)
2024-05-12 11:58:22.934 [main] INFO  c.project.shopapp.ShopappApplication - No active profile set, falling back to 1 default profile: "default"
2024-05-12 11:58:23.740 [main] INFO  o.h.e.t.j.p.i.JtaPlatformInitiator - HHH000489: No JTA platform available (set 'hibernate.transaction.jta.platform' to enable JTA platform integration)
2024-05-12 11:58:23.747 [main] INFO  o.s.o.j.LocalContainerEntityManagerFactoryBean - Initialized JPA EntityManagerFactory for persistence unit 'default'
2024-05-12 11:58:24.181 [main] INFO  o.s.d.r.c.RepositoryConfigurationDelegate - Bootstrapping Spring Data JPA repositories in DEFAULT mode.
2024-05-12 11:58:24.321 [main] INFO  o.s.d.r.c.RepositoryConfigurationDelegate - Finished Spring Data repository scanning in 126 ms. Found 8 JPA repository interfaces.
2024-05-12 11:58:25.449 [main] INFO  o.s.b.w.e.tomcat.TomcatWebServer - Tomcat initialized with port 8088 (http)
2024-05-12 11:58:25.552 [main] INFO  o.s.b.w.s.c.ServletWebServerApplicationContext - Root WebApplicationContext: initialization completed in 2550 ms
2024-05-12 11:58:25.717 [main] INFO  o.h.jpa.internal.util.LogHelper - HHH000204: Processing PersistenceUnitInfo [name: default]
2024-05-12 11:58:25.778 [main] INFO  org.hibernate.Version - HHH000412: Hibernate ORM core version 6.4.4.Final
2024-05-12 11:58:25.818 [main] INFO  o.h.c.i.RegionFactoryInitiator - HHH000026: Second-level cache disabled
2024-05-12 11:58:26.053 [main] INFO  o.s.o.j.p.SpringPersistenceUnitInfo - No LoadTimeWeaver setup: ignoring JPA class transformer
2024-05-12 11:58:26.086 [main] INFO  com.zaxxer.hikari.HikariDataSource - HikariPool-1 - Starting...
2024-05-12 11:58:26.243 [main] INFO  com.zaxxer.hikari.pool.HikariPool - HikariPool-1 - Added connection com.mysql.cj.jdbc.ConnectionImpl@5a0f87e5
2024-05-12 11:58:26.246 [main] INFO  com.zaxxer.hikari.HikariDataSource - HikariPool-1 - Start completed.
2024-05-12 11:58:26.290 [main] WARN  org.hibernate.dialect.Dialect - HHH000511: The 5.5.0 version for [org.hibernate.dialect.MySQLDialect] is no longer supported, hence certain features may not work properly. The minimum supported version is 8.0.0. Check the community dialects project for available legacy versions.
2024-05-12 11:58:27.269 [main] INFO  o.h.e.t.j.p.i.JtaPlatformInitiator - HHH000489: No JTA platform available (set 'hibernate.transaction.jta.platform' to enable JTA platform integration)
2024-05-12 11:58:27.271 [main] INFO  o.s.o.j.LocalContainerEntityManagerFactoryBean - Initialized JPA EntityManagerFactory for persistence unit 'default'
2024-05-12 11:58:28.274 [main] WARN  o.s.b.a.o.j.JpaBaseConfiguration$JpaWebConfiguration - spring.jpa.open-in-view is enabled by default. Therefore, database queries may be performed during view rendering. Explicitly configure spring.jpa.open-in-view to disable this warning
2024-05-12 11:58:28.375 [main] INFO  o.s.d.j.r.query.QueryEnhancerFactory - Hibernate is in classpath; If applicable, HQL parser will be used.
2024-05-12 11:58:29.403 [main] INFO  o.s.s.web.DefaultSecurityFilterChain - Will secure any request with [org.springframework.security.web.session.DisableEncodeUrlFilter@268467ab, org.springframework.security.web.context.request.async.WebAsyncManagerIntegrationFilter@30aeb2b3, org.springframework.security.web.context.SecurityContextHolderFilter@6b4684b4, org.springframework.security.web.header.HeaderWriterFilter@15f6f64d, org.springframework.web.filter.CorsFilter@2ca57c02, org.springframework.security.web.authentication.logout.LogoutFilter@6887e1d1, com.project.shopapp.filters.JwtTokenFilter@345af277, org.springframework.security.web.savedrequest.RequestCacheAwareFilter@5e3c8272, org.springframework.security.web.servletapi.SecurityContextHolderAwareRequestFilter@cce77c8, org.springframework.security.web.authentication.AnonymousAuthenticationFilter@3d61b36a, org.springframework.security.web.access.ExceptionTranslationFilter@29dfc14a, org.springframework.security.web.access.intercept.AuthorizationFilter@3815c525]
2024-05-12 11:58:29.715 [main] INFO  o.s.b.w.e.tomcat.TomcatWebServer - Tomcat started on port 8088 (http) with context path ''
2024-05-12 11:58:29.724 [main] INFO  c.project.shopapp.ShopappApplication - Started ShopappApplication in 7.316 seconds (process running for 8.666)
2024-05-12 11:58:29.744 [SpringApplicationShutdownHook] INFO  o.s.o.j.LocalContainerEntityManagerFactoryBean - Closing JPA EntityManagerFactory for persistence unit 'default'
2024-05-12 11:58:29.746 [SpringApplicationShutdownHook] INFO  com.zaxxer.hikari.HikariDataSource - HikariPool-1 - Shutdown initiated...
2024-05-12 11:58:29.757 [SpringApplicationShutdownHook] INFO  com.zaxxer.hikari.HikariDataSource - HikariPool-1 - Shutdown completed.
2024-05-12 11:58:34.053 [background-preinit] INFO  o.h.validator.internal.util.Version - HV000001: Hibernate Validator 8.0.1.Final
2024-05-12 11:58:34.109 [main] INFO  c.project.shopapp.ShopappApplication - Starting ShopappApplication using Java 20.0.2 with PID 8584 (D:\Code\shopapp\target\classes started by Tan Dat in D:\Code\shopapp)
2024-05-12 11:58:34.111 [main] INFO  c.project.shopapp.ShopappApplication - No active profile set, falling back to 1 default profile: "default"
2024-05-12 11:58:35.133 [main] INFO  o.s.d.r.c.RepositoryConfigurationDelegate - Bootstrapping Spring Data JPA repositories in DEFAULT mode.
2024-05-12 11:58:35.225 [main] INFO  o.s.d.r.c.RepositoryConfigurationDelegate - Finished Spring Data repository scanning in 81 ms. Found 8 JPA repository interfaces.
2024-05-12 11:58:35.944 [main] INFO  o.s.b.w.e.tomcat.TomcatWebServer - Tomcat initialized with port 8088 (http)
2024-05-12 11:58:35.955 [main] INFO  o.a.coyote.http11.Http11NioProtocol - Initializing ProtocolHandler ["http-nio-8088"]
2024-05-12 11:58:35.957 [main] INFO  o.a.catalina.core.StandardService - Starting service [Tomcat]
2024-05-12 11:58:35.958 [main] INFO  o.a.catalina.core.StandardEngine - Starting Servlet engine: [Apache Tomcat/10.1.19]
2024-05-12 11:58:36.050 [main] INFO  o.a.c.c.C.[Tomcat].[localhost].[/] - Initializing Spring embedded WebApplicationContext
2024-05-12 11:58:36.051 [main] INFO  o.s.b.w.s.c.ServletWebServerApplicationContext - Root WebApplicationContext: initialization completed in 1885 ms
2024-05-12 11:58:36.209 [main] INFO  o.h.jpa.internal.util.LogHelper - HHH000204: Processing PersistenceUnitInfo [name: default]
2024-05-12 11:58:36.268 [main] INFO  org.hibernate.Version - HHH000412: Hibernate ORM core version 6.4.4.Final
2024-05-12 11:58:36.318 [main] INFO  o.h.c.i.RegionFactoryInitiator - HHH000026: Second-level cache disabled
2024-05-12 11:58:36.567 [main] INFO  o.s.o.j.p.SpringPersistenceUnitInfo - No LoadTimeWeaver setup: ignoring JPA class transformer
2024-05-12 11:58:36.592 [main] INFO  com.zaxxer.hikari.HikariDataSource - HikariPool-1 - Starting...
2024-05-12 11:58:36.756 [main] INFO  com.zaxxer.hikari.pool.HikariPool - HikariPool-1 - Added connection com.mysql.cj.jdbc.ConnectionImpl@30d15e4a
2024-05-12 11:58:36.759 [main] INFO  com.zaxxer.hikari.HikariDataSource - HikariPool-1 - Start completed.
2024-05-12 11:58:36.800 [main] WARN  org.hibernate.dialect.Dialect - HHH000511: The 5.5.0 version for [org.hibernate.dialect.MySQLDialect] is no longer supported, hence certain features may not work properly. The minimum supported version is 8.0.0. Check the community dialects project for available legacy versions.
2024-05-12 11:58:37.755 [main] INFO  o.h.e.t.j.p.i.JtaPlatformInitiator - HHH000489: No JTA platform available (set 'hibernate.transaction.jta.platform' to enable JTA platform integration)
2024-05-12 11:58:37.757 [main] INFO  o.s.o.j.LocalContainerEntityManagerFactoryBean - Initialized JPA EntityManagerFactory for persistence unit 'default'
2024-05-12 11:58:38.207 [main] WARN  o.s.b.a.o.j.JpaBaseConfiguration$JpaWebConfiguration - spring.jpa.open-in-view is enabled by default. Therefore, database queries may be performed during view rendering. Explicitly configure spring.jpa.open-in-view to disable this warning
2024-05-12 11:58:38.296 [main] INFO  o.s.d.j.r.query.QueryEnhancerFactory - Hibernate is in classpath; If applicable, HQL parser will be used.
2024-05-12 11:58:39.144 [main] INFO  o.s.s.web.DefaultSecurityFilterChain - Will secure any request with [org.springframework.security.web.session.DisableEncodeUrlFilter@199f2854, org.springframework.security.web.context.request.async.WebAsyncManagerIntegrationFilter@5c9cbc69, org.springframework.security.web.context.SecurityContextHolderFilter@5a7810e1, org.springframework.security.web.header.HeaderWriterFilter@69235eea, org.springframework.web.filter.CorsFilter@60a4e124, org.springframework.security.web.authentication.logout.LogoutFilter@4ef55aa6, com.project.shopapp.filters.JwtTokenFilter@3f1d4ecf, org.springframework.security.web.savedrequest.RequestCacheAwareFilter@7c09fdb8, org.springframework.security.web.servletapi.SecurityContextHolderAwareRequestFilter@15f6f64d, org.springframework.security.web.authentication.AnonymousAuthenticationFilter@3815c525, org.springframework.security.web.access.ExceptionTranslationFilter@5f597b1c, org.springframework.security.web.access.intercept.AuthorizationFilter@88b9cf]
2024-05-12 11:58:39.396 [main] INFO  o.a.coyote.http11.Http11NioProtocol - Starting ProtocolHandler ["http-nio-8088"]
2024-05-12 11:58:39.417 [main] INFO  o.s.b.w.e.tomcat.TomcatWebServer - Tomcat started on port 8088 (http) with context path ''
2024-05-12 11:58:39.425 [main] INFO  c.project.shopapp.ShopappApplication - Started ShopappApplication in 5.764 seconds (process running for 6.428)
2024-05-12 11:58:56.770 [http-nio-8088-exec-2] INFO  o.a.c.c.C.[Tomcat].[localhost].[/] - Initializing Spring DispatcherServlet 'dispatcherServlet'
2024-05-12 11:58:56.770 [http-nio-8088-exec-2] INFO  o.s.web.servlet.DispatcherServlet - Initializing Servlet 'dispatcherServlet'
2024-05-12 11:58:56.771 [http-nio-8088-exec-2] INFO  o.s.web.servlet.DispatcherServlet - Completed initialization in 1 ms
2024-05-12 12:00:02.539 [SpringApplicationShutdownHook] INFO  o.s.o.j.LocalContainerEntityManagerFactoryBean - Closing JPA EntityManagerFactory for persistence unit 'default'
2024-05-12 12:00:02.542 [SpringApplicationShutdownHook] INFO  com.zaxxer.hikari.HikariDataSource - HikariPool-1 - Shutdown initiated...
2024-05-12 12:00:02.550 [SpringApplicationShutdownHook] INFO  com.zaxxer.hikari.HikariDataSource - HikariPool-1 - Shutdown completed.
2024-05-12 12:00:07.300 [background-preinit] INFO  o.h.validator.internal.util.Version - HV000001: Hibernate Validator 8.0.1.Final
2024-05-12 12:00:07.355 [main] INFO  c.project.shopapp.ShopappApplication - Starting ShopappApplication using Java 20.0.2 with PID 24328 (D:\Code\shopapp\target\classes started by Tan Dat in D:\Code\shopapp)
2024-05-12 12:00:07.356 [main] INFO  c.project.shopapp.ShopappApplication - No active profile set, falling back to 1 default profile: "default"
2024-05-12 12:00:08.352 [main] INFO  o.s.d.r.c.RepositoryConfigurationDelegate - Bootstrapping Spring Data JPA repositories in DEFAULT mode.
2024-05-12 12:00:08.452 [main] INFO  o.s.d.r.c.RepositoryConfigurationDelegate - Finished Spring Data repository scanning in 88 ms. Found 8 JPA repository interfaces.
2024-05-12 12:00:09.486 [main] INFO  o.s.b.w.e.tomcat.TomcatWebServer - Tomcat initialized with port 8088 (http)
2024-05-12 12:00:09.499 [main] INFO  o.a.coyote.http11.Http11NioProtocol - Initializing ProtocolHandler ["http-nio-8088"]
2024-05-12 12:00:09.504 [main] INFO  o.a.catalina.core.StandardService - Starting service [Tomcat]
2024-05-12 12:00:09.504 [main] INFO  o.a.catalina.core.StandardEngine - Starting Servlet engine: [Apache Tomcat/10.1.19]
2024-05-12 12:00:09.600 [main] INFO  o.a.c.c.C.[Tomcat].[localhost].[/] - Initializing Spring embedded WebApplicationContext
2024-05-12 12:00:09.603 [main] INFO  o.s.b.w.s.c.ServletWebServerApplicationContext - Root WebApplicationContext: initialization completed in 2197 ms
2024-05-12 12:00:09.812 [main] INFO  o.h.jpa.internal.util.LogHelper - HHH000204: Processing PersistenceUnitInfo [name: default]
2024-05-12 12:00:09.959 [main] INFO  org.hibernate.Version - HHH000412: Hibernate ORM core version 6.4.4.Final
2024-05-12 12:00:10.027 [main] INFO  o.h.c.i.RegionFactoryInitiator - HHH000026: Second-level cache disabled
2024-05-12 12:00:10.425 [main] INFO  o.s.o.j.p.SpringPersistenceUnitInfo - No LoadTimeWeaver setup: ignoring JPA class transformer
2024-05-12 12:00:10.472 [main] INFO  com.zaxxer.hikari.HikariDataSource - HikariPool-1 - Starting...
2024-05-12 12:00:10.705 [main] INFO  com.zaxxer.hikari.pool.HikariPool - HikariPool-1 - Added connection com.mysql.cj.jdbc.ConnectionImpl@6f240187
2024-05-12 12:00:10.715 [main] INFO  com.zaxxer.hikari.HikariDataSource - HikariPool-1 - Start completed.
2024-05-12 12:00:10.801 [main] WARN  org.hibernate.dialect.Dialect - HHH000511: The 5.5.0 version for [org.hibernate.dialect.MySQLDialect] is no longer supported, hence certain features may not work properly. The minimum supported version is 8.0.0. Check the community dialects project for available legacy versions.
2024-05-12 12:00:12.223 [main] INFO  o.h.e.t.j.p.i.JtaPlatformInitiator - HHH000489: No JTA platform available (set 'hibernate.transaction.jta.platform' to enable JTA platform integration)
2024-05-12 12:00:12.227 [main] INFO  o.s.o.j.LocalContainerEntityManagerFactoryBean - Initialized JPA EntityManagerFactory for persistence unit 'default'
2024-05-12 12:00:12.737 [main] WARN  o.s.b.a.o.j.JpaBaseConfiguration$JpaWebConfiguration - spring.jpa.open-in-view is enabled by default. Therefore, database queries may be performed during view rendering. Explicitly configure spring.jpa.open-in-view to disable this warning
2024-05-12 12:00:12.841 [main] INFO  o.s.d.j.r.query.QueryEnhancerFactory - Hibernate is in classpath; If applicable, HQL parser will be used.
2024-05-12 12:00:14.169 [main] INFO  o.s.s.web.DefaultSecurityFilterChain - Will secure any request with [org.springframework.security.web.session.DisableEncodeUrlFilter@13987842, org.springframework.security.web.context.request.async.WebAsyncManagerIntegrationFilter@1f5513df, org.springframework.security.web.context.SecurityContextHolderFilter@57a20e44, org.springframework.security.web.header.HeaderWriterFilter@7aafcef3, org.springframework.web.filter.CorsFilter@24aa1547, org.springframework.security.web.authentication.logout.LogoutFilter@34bbfd4b, com.project.shopapp.filters.JwtTokenFilter@1a18e68a, org.springframework.security.web.savedrequest.RequestCacheAwareFilter@71da2e9e, org.springframework.security.web.servletapi.SecurityContextHolderAwareRequestFilter@19a71722, org.springframework.security.web.authentication.AnonymousAuthenticationFilter@b230f87, org.springframework.security.web.access.ExceptionTranslationFilter@337f76ff, org.springframework.security.web.access.intercept.AuthorizationFilter@300788d6]
2024-05-12 12:00:14.529 [main] INFO  o.a.coyote.http11.Http11NioProtocol - Starting ProtocolHandler ["http-nio-8088"]
2024-05-12 12:00:14.546 [main] INFO  o.s.b.w.e.tomcat.TomcatWebServer - Tomcat started on port 8088 (http) with context path ''
2024-05-12 12:00:14.557 [main] INFO  c.project.shopapp.ShopappApplication - Started ShopappApplication in 7.75 seconds (process running for 8.556)
2024-05-12 12:00:16.165 [SpringApplicationShutdownHook] INFO  o.s.o.j.LocalContainerEntityManagerFactoryBean - Closing JPA EntityManagerFactory for persistence unit 'default'
2024-05-12 12:00:16.168 [SpringApplicationShutdownHook] INFO  com.zaxxer.hikari.HikariDataSource - HikariPool-1 - Shutdown initiated...
2024-05-12 12:00:16.178 [SpringApplicationShutdownHook] INFO  com.zaxxer.hikari.HikariDataSource - HikariPool-1 - Shutdown completed.
2024-05-12 12:02:04.603 [background-preinit] INFO  o.h.validator.internal.util.Version - HV000001: Hibernate Validator 8.0.1.Final
2024-05-12 12:02:04.654 [main] INFO  c.project.shopapp.ShopappApplication - Starting ShopappApplication using Java 20.0.2 with PID 8668 (D:\Code\shopapp\target\classes started by Tan Dat in D:\Code\shopapp)
2024-05-12 12:02:04.655 [main] INFO  c.project.shopapp.ShopappApplication - No active profile set, falling back to 1 default profile: "default"
2024-05-12 12:02:05.461 [main] INFO  o.s.d.r.c.RepositoryConfigurationDelegate - Bootstrapping Spring Data JPA repositories in DEFAULT mode.
2024-05-12 12:02:05.536 [main] INFO  o.s.d.r.c.RepositoryConfigurationDelegate - Finished Spring Data repository scanning in 66 ms. Found 8 JPA repository interfaces.
2024-05-12 12:02:06.235 [main] INFO  o.s.b.w.e.tomcat.TomcatWebServer - Tomcat initialized with port 8088 (http)
2024-05-12 12:02:06.245 [main] INFO  o.a.coyote.http11.Http11NioProtocol - Initializing ProtocolHandler ["http-nio-8088"]
2024-05-12 12:02:06.248 [main] INFO  o.a.catalina.core.StandardService - Starting service [Tomcat]
2024-05-12 12:02:06.248 [main] INFO  o.a.catalina.core.StandardEngine - Starting Servlet engine: [Apache Tomcat/10.1.19]
2024-05-12 12:02:06.306 [main] INFO  o.a.c.c.C.[Tomcat].[localhost].[/] - Initializing Spring embedded WebApplicationContext
2024-05-12 12:02:06.307 [main] INFO  o.s.b.w.s.c.ServletWebServerApplicationContext - Root WebApplicationContext: initialization completed in 1599 ms
2024-05-12 12:02:06.466 [main] INFO  o.h.jpa.internal.util.LogHelper - HHH000204: Processing PersistenceUnitInfo [name: default]
2024-05-12 12:02:06.520 [main] INFO  org.hibernate.Version - HHH000412: Hibernate ORM core version 6.4.4.Final
2024-05-12 12:02:06.569 [main] INFO  o.h.c.i.RegionFactoryInitiator - HHH000026: Second-level cache disabled
2024-05-12 12:02:06.782 [main] INFO  o.s.o.j.p.SpringPersistenceUnitInfo - No LoadTimeWeaver setup: ignoring JPA class transformer
2024-05-12 12:02:06.811 [main] INFO  com.zaxxer.hikari.HikariDataSource - HikariPool-1 - Starting...
2024-05-12 12:02:06.949 [main] INFO  com.zaxxer.hikari.pool.HikariPool - HikariPool-1 - Added connection com.mysql.cj.jdbc.ConnectionImpl@485deee1
2024-05-12 12:02:06.950 [main] INFO  com.zaxxer.hikari.HikariDataSource - HikariPool-1 - Start completed.
2024-05-12 12:02:06.988 [main] WARN  org.hibernate.dialect.Dialect - HHH000511: The 5.5.0 version for [org.hibernate.dialect.MySQLDialect] is no longer supported, hence certain features may not work properly. The minimum supported version is 8.0.0. Check the community dialects project for available legacy versions.
2024-05-12 12:02:07.908 [main] INFO  o.h.e.t.j.p.i.JtaPlatformInitiator - HHH000489: No JTA platform available (set 'hibernate.transaction.jta.platform' to enable JTA platform integration)
2024-05-12 12:02:07.910 [main] INFO  o.s.o.j.LocalContainerEntityManagerFactoryBean - Initialized JPA EntityManagerFactory for persistence unit 'default'
2024-05-12 12:02:08.331 [main] WARN  o.s.b.a.o.j.JpaBaseConfiguration$JpaWebConfiguration - spring.jpa.open-in-view is enabled by default. Therefore, database queries may be performed during view rendering. Explicitly configure spring.jpa.open-in-view to disable this warning
2024-05-12 12:02:08.433 [main] INFO  o.s.d.j.r.query.QueryEnhancerFactory - Hibernate is in classpath; If applicable, HQL parser will be used.
2024-05-12 12:02:09.514 [main] INFO  o.s.s.web.DefaultSecurityFilterChain - Will secure any request with [org.springframework.security.web.session.DisableEncodeUrlFilter@30aeb2b3, org.springframework.security.web.context.request.async.WebAsyncManagerIntegrationFilter@2ca57c02, org.springframework.security.web.context.SecurityContextHolderFilter@4920430f, org.springframework.security.web.header.HeaderWriterFilter@f93030a, org.springframework.web.filter.CorsFilter@3d61b36a, org.springframework.security.web.authentication.logout.LogoutFilter@1f878eed, com.project.shopapp.filters.JwtTokenFilter@3f1d4ecf, org.springframework.security.web.savedrequest.RequestCacheAwareFilter@cce77c8, org.springframework.security.web.servletapi.SecurityContextHolderAwareRequestFilter@537231c1, org.springframework.security.web.authentication.AnonymousAuthenticationFilter@38dd3252, org.springframework.security.web.access.ExceptionTranslationFilter@7c09fdb8, org.springframework.security.web.access.intercept.AuthorizationFilter@58a887fb]
2024-05-12 12:02:09.823 [main] INFO  o.a.coyote.http11.Http11NioProtocol - Starting ProtocolHandler ["http-nio-8088"]
2024-05-12 12:02:09.845 [main] INFO  o.s.b.w.e.tomcat.TomcatWebServer - Tomcat started on port 8088 (http) with context path ''
2024-05-12 12:02:09.852 [main] INFO  c.project.shopapp.ShopappApplication - Started ShopappApplication in 5.605 seconds (process running for 6.226)
2024-05-12 12:02:52.819 [http-nio-8088-exec-2] INFO  o.a.c.c.C.[Tomcat].[localhost].[/] - Initializing Spring DispatcherServlet 'dispatcherServlet'
2024-05-12 12:02:52.819 [http-nio-8088-exec-2] INFO  o.s.web.servlet.DispatcherServlet - Initializing Servlet 'dispatcherServlet'
2024-05-12 12:02:52.821 [http-nio-8088-exec-2] INFO  o.s.web.servlet.DispatcherServlet - Completed initialization in 2 ms
2024-05-12 12:03:10.488 [SpringApplicationShutdownHook] INFO  o.s.o.j.LocalContainerEntityManagerFactoryBean - Closing JPA EntityManagerFactory for persistence unit 'default'
2024-05-12 12:03:10.490 [SpringApplicationShutdownHook] INFO  com.zaxxer.hikari.HikariDataSource - HikariPool-1 - Shutdown initiated...
2024-05-12 12:03:10.501 [SpringApplicationShutdownHook] INFO  com.zaxxer.hikari.HikariDataSource - HikariPool-1 - Shutdown completed.
2024-05-12 12:03:17.998 [background-preinit] INFO  o.h.validator.internal.util.Version - HV000001: Hibernate Validator 8.0.1.Final
2024-05-12 12:03:18.046 [main] INFO  c.project.shopapp.ShopappApplication - Starting ShopappApplication using Java 20.0.2 with PID 3772 (D:\Code\shopapp\target\classes started by Tan Dat in D:\Code\shopapp)
2024-05-12 12:03:18.048 [main] INFO  c.project.shopapp.ShopappApplication - No active profile set, falling back to 1 default profile: "default"
2024-05-12 12:03:18.930 [main] INFO  o.s.d.r.c.RepositoryConfigurationDelegate - Bootstrapping Spring Data JPA repositories in DEFAULT mode.
2024-05-12 12:03:19.009 [main] INFO  o.s.d.r.c.RepositoryConfigurationDelegate - Finished Spring Data repository scanning in 70 ms. Found 8 JPA repository interfaces.
2024-05-12 12:03:19.863 [main] INFO  o.s.b.w.e.tomcat.TomcatWebServer - Tomcat initialized with port 8088 (http)
2024-05-12 12:03:19.876 [main] INFO  o.a.coyote.http11.Http11NioProtocol - Initializing ProtocolHandler ["http-nio-8088"]
2024-05-12 12:03:19.879 [main] INFO  o.a.catalina.core.StandardService - Starting service [Tomcat]
2024-05-12 12:03:19.880 [main] INFO  o.a.catalina.core.StandardEngine - Starting Servlet engine: [Apache Tomcat/10.1.19]
2024-05-12 12:03:19.956 [main] INFO  o.a.c.c.C.[Tomcat].[localhost].[/] - Initializing Spring embedded WebApplicationContext
2024-05-12 12:03:19.957 [main] INFO  o.s.b.w.s.c.ServletWebServerApplicationContext - Root WebApplicationContext: initialization completed in 1859 ms
2024-05-12 12:03:20.137 [main] INFO  o.h.jpa.internal.util.LogHelper - HHH000204: Processing PersistenceUnitInfo [name: default]
2024-05-12 12:03:20.221 [main] INFO  org.hibernate.Version - HHH000412: Hibernate ORM core version 6.4.4.Final
2024-05-12 12:03:20.265 [main] INFO  o.h.c.i.RegionFactoryInitiator - HHH000026: Second-level cache disabled
2024-05-12 12:03:20.541 [main] INFO  o.s.o.j.p.SpringPersistenceUnitInfo - No LoadTimeWeaver setup: ignoring JPA class transformer
2024-05-12 12:03:20.572 [main] INFO  com.zaxxer.hikari.HikariDataSource - HikariPool-1 - Starting...
2024-05-12 12:03:20.719 [main] INFO  com.zaxxer.hikari.pool.HikariPool - HikariPool-1 - Added connection com.mysql.cj.jdbc.ConnectionImpl@5a0f87e5
2024-05-12 12:03:20.721 [main] INFO  com.zaxxer.hikari.HikariDataSource - HikariPool-1 - Start completed.
2024-05-12 12:03:20.768 [main] WARN  org.hibernate.dialect.Dialect - HHH000511: The 5.5.0 version for [org.hibernate.dialect.MySQLDialect] is no longer supported, hence certain features may not work properly. The minimum supported version is 8.0.0. Check the community dialects project for available legacy versions.
2024-05-12 12:03:21.913 [main] INFO  o.h.e.t.j.p.i.JtaPlatformInitiator - HHH000489: No JTA platform available (set 'hibernate.transaction.jta.platform' to enable JTA platform integration)
2024-05-12 12:03:21.916 [main] INFO  o.s.o.j.LocalContainerEntityManagerFactoryBean - Initialized JPA EntityManagerFactory for persistence unit 'default'
2024-05-12 12:03:22.336 [main] WARN  o.s.b.a.o.j.JpaBaseConfiguration$JpaWebConfiguration - spring.jpa.open-in-view is enabled by default. Therefore, database queries may be performed during view rendering. Explicitly configure spring.jpa.open-in-view to disable this warning
2024-05-12 12:03:22.490 [main] INFO  o.s.d.j.r.query.QueryEnhancerFactory - Hibernate is in classpath; If applicable, HQL parser will be used.
2024-05-12 12:03:23.796 [main] INFO  o.s.s.web.DefaultSecurityFilterChain - Will secure any request with [org.springframework.security.web.session.DisableEncodeUrlFilter@38dd3252, org.springframework.security.web.context.request.async.WebAsyncManagerIntegrationFilter@7da324d0, org.springframework.security.web.context.SecurityContextHolderFilter@537231c1, org.springframework.security.web.header.HeaderWriterFilter@4920430f, org.springframework.web.filter.CorsFilter@7a61020a, org.springframework.security.web.authentication.logout.LogoutFilter@235babaf, com.project.shopapp.filters.JwtTokenFilter@7ec75228, org.springframework.security.web.savedrequest.RequestCacheAwareFilter@221416eb, org.springframework.security.web.servletapi.SecurityContextHolderAwareRequestFilter@5d1b4556, org.springframework.security.web.authentication.AnonymousAuthenticationFilter@4aab04cf, org.springframework.security.web.access.ExceptionTranslationFilter@58914623, org.springframework.security.web.access.intercept.AuthorizationFilter@30aeb2b3]
2024-05-12 12:03:24.186 [main] INFO  o.a.coyote.http11.Http11NioProtocol - Starting ProtocolHandler ["http-nio-8088"]
2024-05-12 12:03:24.209 [main] INFO  o.s.b.w.e.tomcat.TomcatWebServer - Tomcat started on port 8088 (http) with context path ''
2024-05-12 12:03:24.220 [main] INFO  c.project.shopapp.ShopappApplication - Started ShopappApplication in 6.606 seconds (process running for 7.251)
2024-05-12 12:03:33.687 [http-nio-8088-exec-2] INFO  o.a.c.c.C.[Tomcat].[localhost].[/] - Initializing Spring DispatcherServlet 'dispatcherServlet'
2024-05-12 12:03:33.687 [http-nio-8088-exec-2] INFO  o.s.web.servlet.DispatcherServlet - Initializing Servlet 'dispatcherServlet'
2024-05-12 12:03:33.688 [http-nio-8088-exec-2] INFO  o.s.web.servlet.DispatcherServlet - Completed initialization in 1 ms
2024-05-12 12:04:20.865 [SpringApplicationShutdownHook] INFO  o.s.o.j.LocalContainerEntityManagerFactoryBean - Closing JPA EntityManagerFactory for persistence unit 'default'
2024-05-12 12:04:20.872 [SpringApplicationShutdownHook] INFO  com.zaxxer.hikari.HikariDataSource - HikariPool-1 - Shutdown initiated...
2024-05-12 12:04:20.892 [SpringApplicationShutdownHook] INFO  com.zaxxer.hikari.HikariDataSource - HikariPool-1 - Shutdown completed.
2024-05-12 12:04:25.061 [background-preinit] INFO  o.h.validator.internal.util.Version - HV000001: Hibernate Validator 8.0.1.Final
2024-05-12 12:04:25.250 [main] INFO  c.project.shopapp.ShopappApplication - Starting ShopappApplication using Java 20.0.2 with PID 2856 (D:\Code\shopapp\target\classes started by Tan Dat in D:\Code\shopapp)
2024-05-12 12:04:25.252 [main] INFO  c.project.shopapp.ShopappApplication - No active profile set, falling back to 1 default profile: "default"
2024-05-12 12:04:26.634 [main] INFO  o.s.d.r.c.RepositoryConfigurationDelegate - Bootstrapping Spring Data JPA repositories in DEFAULT mode.
2024-05-12 12:04:26.724 [main] INFO  o.s.d.r.c.RepositoryConfigurationDelegate - Finished Spring Data repository scanning in 80 ms. Found 8 JPA repository interfaces.
2024-05-12 12:04:27.430 [main] INFO  o.s.b.w.e.tomcat.TomcatWebServer - Tomcat initialized with port 8088 (http)
2024-05-12 12:04:27.445 [main] INFO  o.a.coyote.http11.Http11NioProtocol - Initializing ProtocolHandler ["http-nio-8088"]
2024-05-12 12:04:27.448 [main] INFO  o.a.catalina.core.StandardService - Starting service [Tomcat]
2024-05-12 12:04:27.449 [main] INFO  o.a.catalina.core.StandardEngine - Starting Servlet engine: [Apache Tomcat/10.1.19]
2024-05-12 12:04:27.519 [main] INFO  o.a.c.c.C.[Tomcat].[localhost].[/] - Initializing Spring embedded WebApplicationContext
2024-05-12 12:04:27.520 [main] INFO  o.s.b.w.s.c.ServletWebServerApplicationContext - Root WebApplicationContext: initialization completed in 2204 ms
2024-05-12 12:04:27.707 [main] INFO  o.h.jpa.internal.util.LogHelper - HHH000204: Processing PersistenceUnitInfo [name: default]
2024-05-12 12:04:27.795 [main] INFO  org.hibernate.Version - HHH000412: Hibernate ORM core version 6.4.4.Final
2024-05-12 12:04:27.858 [main] INFO  o.h.c.i.RegionFactoryInitiator - HHH000026: Second-level cache disabled
2024-05-12 12:04:28.127 [main] INFO  o.s.o.j.p.SpringPersistenceUnitInfo - No LoadTimeWeaver setup: ignoring JPA class transformer
2024-05-12 12:04:28.167 [main] INFO  com.zaxxer.hikari.HikariDataSource - HikariPool-1 - Starting...
2024-05-12 12:04:28.342 [main] INFO  com.zaxxer.hikari.pool.HikariPool - HikariPool-1 - Added connection com.mysql.cj.jdbc.ConnectionImpl@5a0f87e5
2024-05-12 12:04:28.344 [main] INFO  com.zaxxer.hikari.HikariDataSource - HikariPool-1 - Start completed.
2024-05-12 12:04:28.406 [main] WARN  org.hibernate.dialect.Dialect - HHH000511: The 5.5.0 version for [org.hibernate.dialect.MySQLDialect] is no longer supported, hence certain features may not work properly. The minimum supported version is 8.0.0. Check the community dialects project for available legacy versions.
2024-05-12 12:04:29.590 [main] INFO  o.h.e.t.j.p.i.JtaPlatformInitiator - HHH000489: No JTA platform available (set 'hibernate.transaction.jta.platform' to enable JTA platform integration)
2024-05-12 12:04:29.592 [main] INFO  o.s.o.j.LocalContainerEntityManagerFactoryBean - Initialized JPA EntityManagerFactory for persistence unit 'default'
2024-05-12 12:04:30.003 [main] WARN  o.s.b.a.o.j.JpaBaseConfiguration$JpaWebConfiguration - spring.jpa.open-in-view is enabled by default. Therefore, database queries may be performed during view rendering. Explicitly configure spring.jpa.open-in-view to disable this warning
2024-05-12 12:04:30.088 [main] INFO  o.s.d.j.r.query.QueryEnhancerFactory - Hibernate is in classpath; If applicable, HQL parser will be used.
2024-05-12 12:04:31.023 [main] INFO  o.s.s.web.DefaultSecurityFilterChain - Will secure any request with [org.springframework.security.web.session.DisableEncodeUrlFilter@38dd3252, org.springframework.security.web.context.request.async.WebAsyncManagerIntegrationFilter@7da324d0, org.springframework.security.web.context.SecurityContextHolderFilter@537231c1, org.springframework.security.web.header.HeaderWriterFilter@4920430f, org.springframework.web.filter.CorsFilter@7a61020a, org.springframework.security.web.authentication.logout.LogoutFilter@235babaf, com.project.shopapp.filters.JwtTokenFilter@7ec75228, org.springframework.security.web.savedrequest.RequestCacheAwareFilter@221416eb, org.springframework.security.web.servletapi.SecurityContextHolderAwareRequestFilter@5d1b4556, org.springframework.security.web.authentication.AnonymousAuthenticationFilter@4aab04cf, org.springframework.security.web.access.ExceptionTranslationFilter@58914623, org.springframework.security.web.access.intercept.AuthorizationFilter@30aeb2b3]
2024-05-12 12:04:31.297 [main] INFO  o.a.coyote.http11.Http11NioProtocol - Starting ProtocolHandler ["http-nio-8088"]
2024-05-12 12:04:31.317 [main] INFO  o.s.b.w.e.tomcat.TomcatWebServer - Tomcat started on port 8088 (http) with context path ''
2024-05-12 12:04:31.327 [main] INFO  c.project.shopapp.ShopappApplication - Started ShopappApplication in 6.692 seconds (process running for 7.281)
2024-05-12 12:04:43.246 [http-nio-8088-exec-2] INFO  o.a.c.c.C.[Tomcat].[localhost].[/] - Initializing Spring DispatcherServlet 'dispatcherServlet'
2024-05-12 12:04:43.246 [http-nio-8088-exec-2] INFO  o.s.web.servlet.DispatcherServlet - Initializing Servlet 'dispatcherServlet'
2024-05-12 12:04:43.247 [http-nio-8088-exec-2] INFO  o.s.web.servlet.DispatcherServlet - Completed initialization in 1 ms
2024-05-12 12:09:22.531 [SpringApplicationShutdownHook] INFO  o.s.o.j.LocalContainerEntityManagerFactoryBean - Closing JPA EntityManagerFactory for persistence unit 'default'
2024-05-12 12:09:22.559 [SpringApplicationShutdownHook] INFO  com.zaxxer.hikari.HikariDataSource - HikariPool-1 - Shutdown initiated...
2024-05-12 12:09:22.587 [SpringApplicationShutdownHook] INFO  com.zaxxer.hikari.HikariDataSource - HikariPool-1 - Shutdown completed.
